0 info it worked if it ends with ok
1 verbose cli [ '/Users/tannerlinsley/.nvm/versions/node/v7.2.0/bin/node',
1 verbose cli   '/Users/tannerlinsley/.nvm/versions/node/v7.2.0/bin/npm',
1 verbose cli   'run',
1 verbose cli   'js' ]
2 info using npm@3.10.9
3 info using node@v7.2.0
4 verbose run-script [ 'prejs', 'js', 'postjs' ]
5 info lifecycle valleydesignbuild@0.0.2~prejs: valleydesignbuild@0.0.2
6 silly lifecycle valleydesignbuild@0.0.2~prejs: no script for prejs, continuing
7 info lifecycle valleydesignbuild@0.0.2~js: valleydesignbuild@0.0.2
8 verbose lifecycle valleydesignbuild@0.0.2~js: unsafe-perm in lifecycle true
9 verbose lifecycle valleydesignbuild@0.0.2~js: PATH: /Users/tannerlinsley/.nvm/versions/node/v7.2.0/lib/node_modules/npm/bin/node-gyp-bin:/Users/tannerlinsley/Github/valleydesignbuild/node_modules/.bin:/Users/tannerlinsley/Github/valleydesignbuild/node_modules/.bin:/Users/tannerlinsley/.config/yarn/link/node_modules/.bin:/Users/tannerlinsley/Github/valleydesignbuild/node_modules/.bin:/Users/tannerlinsley/.config/yarn/link/node_modules/.bin:/usr/local/Cellar/yarn/0.19.1/libexec/lib/node_modules/yarn/bin/node-gyp-bin:/Users/tannerlinsley/.nvm/versions/node/v7.2.0/bin:/usr/local/bin:/usr/bin:/bin:/usr/sbin:/sbin:/Users/tannerlinsley/go/bin:/Users/tannerlinsley/google-cloud-sdk/bin:/usr/local/bin:/Applications/mongodb/:/Users/tannerlinsley/bin:./node_modules/.bin:/usr/local/bin:/usr/bin:/bin:/usr/sbin:/sbin:/Users/tannerlinsley/go/bin:/Users/tannerlinsley/google-cloud-sdk/bin:/usr/local/bin:/Applications/mongodb/:/Users/tannerlinsley/bin
10 verbose lifecycle valleydesignbuild@0.0.2~js: CWD: /Users/tannerlinsley/Github/valleydesignbuild
11 silly lifecycle valleydesignbuild@0.0.2~js: Args: [ '-c',
11 silly lifecycle   'browserify src/app.js -o src/dist/app.js -c -g uglifyify' ]
12 silly lifecycle valleydesignbuild@0.0.2~js: Returned: code: 1  signal: null
13 info lifecycle valleydesignbuild@0.0.2~js: Failed to exec js script
14 verbose stack Error: valleydesignbuild@0.0.2 js: `browserify src/app.js -o src/dist/app.js -c -g uglifyify`
14 verbose stack Exit status 1
14 verbose stack     at EventEmitter.<anonymous> (/Users/tannerlinsley/.nvm/versions/node/v7.2.0/lib/node_modules/npm/lib/utils/lifecycle.js:255:16)
14 verbose stack     at emitTwo (events.js:106:13)
14 verbose stack     at EventEmitter.emit (events.js:191:7)
14 verbose stack     at ChildProcess.<anonymous> (/Users/tannerlinsley/.nvm/versions/node/v7.2.0/lib/node_modules/npm/lib/utils/spawn.js:40:14)
14 verbose stack     at emitTwo (events.js:106:13)
14 verbose stack     at ChildProcess.emit (events.js:191:7)
14 verbose stack     at maybeClose (internal/child_process.js:885:16)
14 verbose stack     at Process.ChildProcess._handle.onexit (internal/child_process.js:226:5)
15 verbose pkgid valleydesignbuild@0.0.2
16 verbose cwd /Users/tannerlinsley/Github/valleydesignbuild
17 error Darwin 16.4.0
18 error argv "/Users/tannerlinsley/.nvm/versions/node/v7.2.0/bin/node" "/Users/tannerlinsley/.nvm/versions/node/v7.2.0/bin/npm" "run" "js"
19 error node v7.2.0
20 error npm  v3.10.9
21 error code ELIFECYCLE
22 error valleydesignbuild@0.0.2 js: `browserify src/app.js -o src/dist/app.js -c -g uglifyify`
22 error Exit status 1
23 error Failed at the valleydesignbuild@0.0.2 js script 'browserify src/app.js -o src/dist/app.js -c -g uglifyify'.
23 error Make sure you have the latest version of node.js and npm installed.
23 error If you do, this is most likely a problem with the valleydesignbuild package,
23 error not with npm itself.
23 error Tell the author that this fails on your system:
23 error     browserify src/app.js -o src/dist/app.js -c -g uglifyify
23 error You can get information on how to open an issue for this project with:
23 error     npm bugs valleydesignbuild
23 error Or if that isn't available, you can get their info via:
23 error     npm owner ls valleydesignbuild
23 error There is likely additional logging output above.
24 verbose exit [ 1, true ]
